[debug] [2021-09-10T05:32:21.491Z] ----------------------------------------------------------------------
[debug] [2021-09-10T05:32:21.494Z] Command:       C:\Program Files (x86)\nodejs\node.exe C:\Users\dexte\AppData\Roaming\npm\node_modules\firebase-tools\lib\bin\firebase.js init
[debug] [2021-09-10T05:32:21.495Z] CLI Version:   9.14.0
[debug] [2021-09-10T05:32:21.495Z] Platform:      win32
[debug] [2021-09-10T05:32:21.495Z] Node Version:  v14.16.1
[debug] [2021-09-10T05:32:21.496Z] Time:          Fri Sep 10 2021 11:02:21 GMT+0530 (India Standard Time)
[debug] [2021-09-10T05:32:21.497Z] ----------------------------------------------------------------------
[debug] 
[debug] [2021-09-10T05:32:21.499Z] >>> [apiv2][query] GET https://firebase-public.firebaseio.com/cli.json [none]
[debug] [2021-09-10T05:32:21.550Z] > command requires scopes: ["email","openid","https://www.googleapis.com/auth/cloudplatformprojects.readonly","https://www.googleapis.com/auth/firebase","https://www.googleapis.com/auth/cloud-platform"]
[debug] [2021-09-10T05:32:21.551Z] > authorizing via signed-in user (biz.gourab@gmail.com)
[info] 
     ######## #### ########  ######## ########     ###     ######  ########
     ##        ##  ##     ## ##       ##     ##  ##   ##  ##       ##
     ######    ##  ########  ######   ########  #########  ######  ######
     ##        ##  ##    ##  ##       ##     ## ##     ##       ## ##
     ##       #### ##     ## ######## ########  ##     ##  ######  ########

You're about to initialize a Firebase project in this directory:

  D:\WebDev\TutorialProjects\React\AmazonClone\amazon-clone

Before we get started, keep in mind:

  * You are initializing within an existing Firebase project directory

[debug] [2021-09-10T05:32:23.438Z] <<< [apiv2][status] GET https://firebase-public.firebaseio.com/cli.json 200
[debug] [2021-09-10T05:32:23.439Z] <<< [apiv2][body] GET https://firebase-public.firebaseio.com/cli.json {"cloudBuildErrorAfter":1594252800000,"cloudBuildWarnAfter":1590019200000,"defaultNode10After":1594252800000,"minVersion":"3.0.5","node8DeploysDisabledAfter":1613390400000,"node8RuntimeDisabledAfter":1615809600000,"node8WarnAfter":1600128000000}
