[debug] [2021-07-22T15:13:56.787Z] ----------------------------------------------------------------------
[debug] [2021-07-22T15:13:56.791Z] Command:       C:\Program Files (x86)\nodejs\node.exe C:\Users\dexte\AppData\Roaming\npm\node_modules\firebase-tools\lib\bin\firebase.js emulators:start
[debug] [2021-07-22T15:13:56.791Z] CLI Version:   9.14.0
[debug] [2021-07-22T15:13:56.791Z] Platform:      win32
[debug] [2021-07-22T15:13:56.791Z] Node Version:  v14.16.1
[debug] [2021-07-22T15:13:56.792Z] Time:          Thu Jul 22 2021 20:43:56 GMT+0530 (India Standard Time)
[debug] [2021-07-22T15:13:56.793Z] ----------------------------------------------------------------------
[debug] 
[debug] [2021-07-22T15:13:56.800Z] > command requires scopes: ["email","openid","https://www.googleapis.com/auth/cloudplatformprojects.readonly","https://www.googleapis.com/auth/firebase","https://www.googleapis.com/auth/cloud-platform"]
[debug] [2021-07-22T15:13:56.800Z] > authorizing via signed-in user (biz.gourab@gmail.com)
[info] i  emulators: Starting emulators: functions, hosting {"metadata":{"emulator":{"name":"hub"},"message":"Starting emulators: functions, hosting"}}
[debug] [2021-07-22T15:13:56.823Z] [hub] writing locator at C:\Users\dexte\AppData\Local\Temp\hub-clone-baadf.json
[warn] !  functions: The following emulators are not running, calls to these services from the Functions emulator will affect production: auth, firestore, database, pubsub, storage {"metadata":{"emulator":{"name":"functions"},"message":"The following emulators are not running, calls to these services from the Functions emulator will affect production: \u001b[1mauth, firestore, database, pubsub, storage\u001b[22m"}}
[info] +  functions: Using node@14 from host. {"metadata":{"emulator":{"name":"functions"},"message":"Using node@14 from host."}}
[debug] [2021-07-22T15:13:56.852Z] defaultcredentials: writing to file C:\Users\dexte\AppData\Roaming\firebase\biz_gourab_gmail.com_application_default_credentials.json
[debug] [2021-07-22T15:13:56.854Z] Setting GAC to C:\Users\dexte\AppData\Roaming\firebase\biz_gourab_gmail.com_application_default_credentials.json {"metadata":{"emulator":{"name":"functions"},"message":"Setting GAC to C:\\Users\\dexte\\AppData\\Roaming\\firebase\\biz_gourab_gmail.com_application_default_credentials.json"}}
[debug] [2021-07-22T15:13:56.856Z] >>> [apiv2][query] GET https://firebase.googleapis.com/v1beta1/projects/clone-baadf/adminSdkConfig [none]
[debug] [2021-07-22T15:13:57.765Z] <<< [apiv2][status] GET https://firebase.googleapis.com/v1beta1/projects/clone-baadf/adminSdkConfig 200
[debug] [2021-07-22T15:13:57.766Z] <<< [apiv2][body] GET https://firebase.googleapis.com/v1beta1/projects/clone-baadf/adminSdkConfig {"projectId":"clone-baadf","storageBucket":"clone-baadf.appspot.com"}
[debug] [2021-07-22T15:13:57.782Z] >>> [apiv2][query] GET https://firebasehosting.googleapis.com/v1beta1/projects/clone-baadf/sites 
[debug] [2021-07-22T15:13:59.922Z] <<< [apiv2][status] GET https://firebasehosting.googleapis.com/v1beta1/projects/clone-baadf/sites 200
[debug] [2021-07-22T15:13:59.923Z] <<< [apiv2][body] GET https://firebasehosting.googleapis.com/v1beta1/projects/clone-baadf/sites {"sites":[{"name":"projects/315571528814/sites/clone-baadf","defaultUrl":"https://clone-baadf.web.app","appId":"1:315571528814:web:f2fc30d84d997f8d76b27f","type":"DEFAULT_SITE"}]}
[debug] [2021-07-22T15:13:59.923Z] >>> [apiv2][query] GET https://firebase.googleapis.com/v1beta1/projects/clone-baadf/webApps/1:315571528814:web:f2fc30d84d997f8d76b27f/config [none]
[debug] [2021-07-22T15:14:01.459Z] <<< [apiv2][status] GET https://firebase.googleapis.com/v1beta1/projects/clone-baadf/webApps/1:315571528814:web:f2fc30d84d997f8d76b27f/config 200
[debug] [2021-07-22T15:14:01.460Z] <<< [apiv2][body] GET https://firebase.googleapis.com/v1beta1/projects/clone-baadf/webApps/1:315571528814:web:f2fc30d84d997f8d76b27f/config {"projectId":"clone-baadf","appId":"1:315571528814:web:f2fc30d84d997f8d76b27f","storageBucket":"clone-baadf.appspot.com","apiKey":"AIzaSyAC_zCFjKf1Boj6T8ELf_FOxXQYxFPE5kE","authDomain":"clone-baadf.firebaseapp.com","messagingSenderId":"315571528814","measurementId":"G-3K8FQPQB9T"}
[info] i  hosting: Serving hosting files from: build {"metadata":{"emulator":{"name":"hosting"},"message":"Serving hosting files from: \u001b[1mbuild\u001b[22m"}}
[info] +  hosting: Local server: http://localhost:5000 {"metadata":{"emulator":{"name":"hosting"},"message":"Local server: \u001b[4m\u001b[1mhttp://localhost:5000\u001b[22m\u001b[24m"}}
[warn] !  ui: Emulator UI unable to start on port 4000, starting on 4001 instead. {"metadata":{"emulator":{"name":"ui"},"message":"Emulator UI unable to start on port 4000, starting on 4001 instead."}}
[debug] [2021-07-22T15:14:01.511Z] Ignoring unsupported arg: auto_download {"metadata":{"emulator":{"name":"ui"},"message":"Ignoring unsupported arg: auto_download"}}
[debug] [2021-07-22T15:14:01.511Z] Ignoring unsupported arg: port {"metadata":{"emulator":{"name":"ui"},"message":"Ignoring unsupported arg: port"}}
[debug] [2021-07-22T15:14:01.511Z] Starting Emulator UI with command {"binary":"node","args":["C:\\Users\\dexte\\.cache\\firebase\\emulators\\ui-v1.5.0\\server.bundle.js"],"optionalArgs":[],"joinArgs":false} {"metadata":{"emulator":{"name":"ui"},"message":"Starting Emulator UI with command {\"binary\":\"node\",\"args\":[\"C:\\\\Users\\\\dexte\\\\.cache\\\\firebase\\\\emulators\\\\ui-v1.5.0\\\\server.bundle.js\"],\"optionalArgs\":[],\"joinArgs\":false}"}}
[info] i  ui: Emulator UI logging to ui-debug.log {"metadata":{"emulator":{"name":"ui"},"message":"Emulator UI logging to \u001b[1mui-debug.log\u001b[22m"}}
[debug] [2021-07-22T15:14:01.647Z] Web / API server started at http://localhost:4001
 {"metadata":{"emulator":{"name":"ui"},"message":"Web / API server started at http://localhost:4001\n"}}
[info] i  functions: Watching "D:\WebDev\TutorialProjects\React\AmazonClone\amazon-clone\functions" for Cloud Functions... {"metadata":{"emulator":{"name":"functions"},"message":"Watching \"D:\\WebDev\\TutorialProjects\\React\\AmazonClone\\amazon-clone\\functions\" for Cloud Functions..."}}
[debug] [2021-07-22T15:14:01.802Z] [worker-pool] addWorker(~diagnostic~) {"metadata":{"emulator":{"name":"functions"},"message":"[worker-pool] addWorker(~diagnostic~)"}}
[debug] [2021-07-22T15:14:01.802Z] [worker-pool] Adding worker with key ~diagnostic~, total=1 {"metadata":{"emulator":{"name":"functions"},"message":"[worker-pool] Adding worker with key ~diagnostic~, total=1"}}
[debug] [2021-07-22T15:14:01.803Z] [worker-pool] submitWork(triggerId=) {"metadata":{"emulator":{"name":"functions"},"message":"[worker-pool] submitWork(triggerId=)"}}
[debug] [2021-07-22T15:14:01.803Z] [worker-~diagnostic~-339289e4-181d-4bee-a5f6-0ce5500c1e70]: Assigning socketPath: \\?\pipe\D:\WebDev\TutorialProjects\React\AmazonClone\amazon-clone\functions\7684 {"metadata":{"emulator":{"name":"functions"},"message":"[worker-~diagnostic~-339289e4-181d-4bee-a5f6-0ce5500c1e70]: Assigning socketPath: \\\\?\\pipe\\D:\\WebDev\\TutorialProjects\\React\\AmazonClone\\amazon-clone\\functions\\7684"}}
[debug] [2021-07-22T15:14:01.803Z] [worker-~diagnostic~-339289e4-181d-4bee-a5f6-0ce5500c1e70]: BUSY {"metadata":{"emulator":{"name":"functions"},"message":"[worker-~diagnostic~-339289e4-181d-4bee-a5f6-0ce5500c1e70]: BUSY"}}
[debug] [2021-07-22T15:14:02.022Z] [runtime-status] [7684] Functions runtime initialized. {"cwd":"D:\\WebDev\\TutorialProjects\\React\\AmazonClone\\amazon-clone\\functions","node_version":"14.16.1"} {"metadata":{"emulator":{"name":"functions"},"message":"[runtime-status] [7684] Functions runtime initialized. {\"cwd\":\"D:\\\\WebDev\\\\TutorialProjects\\\\React\\\\AmazonClone\\\\amazon-clone\\\\functions\",\"node_version\":\"14.16.1\"}"}}
[debug] [2021-07-22T15:14:02.023Z] [runtime-status] [7684] Disabled runtime features: undefined {"metadata":{"emulator":{"name":"functions"},"message":"[runtime-status] [7684] Disabled runtime features: undefined"}}
[debug] [2021-07-22T15:14:02.027Z] [runtime-status] [7684] Resolved module firebase-admin {"declared":true,"installed":true,"version":"9.10.0","resolution":"D:\\WebDev\\TutorialProjects\\React\\AmazonClone\\amazon-clone\\functions\\node_modules\\firebase-admin\\lib\\index.js"} {"metadata":{"emulator":{"name":"functions"},"message":"[runtime-status] [7684] Resolved module firebase-admin {\"declared\":true,\"installed\":true,\"version\":\"9.10.0\",\"resolution\":\"D:\\\\WebDev\\\\TutorialProjects\\\\React\\\\AmazonClone\\\\amazon-clone\\\\functions\\\\node_modules\\\\firebase-admin\\\\lib\\\\index.js\"}"}}
[debug] [2021-07-22T15:14:02.029Z] [runtime-status] [7684] Resolved module firebase-functions {"declared":true,"installed":true,"version":"3.14.1","resolution":"D:\\WebDev\\TutorialProjects\\React\\AmazonClone\\amazon-clone\\functions\\node_modules\\firebase-functions\\lib\\index.js"} {"metadata":{"emulator":{"name":"functions"},"message":"[runtime-status] [7684] Resolved module firebase-functions {\"declared\":true,\"installed\":true,\"version\":\"3.14.1\",\"resolution\":\"D:\\\\WebDev\\\\TutorialProjects\\\\React\\\\AmazonClone\\\\amazon-clone\\\\functions\\\\node_modules\\\\firebase-functions\\\\lib\\\\index.js\"}"}}
[debug] [2021-07-22T15:14:02.031Z] [runtime-status] [7684] Resolved module firebase-functions {"declared":true,"installed":true,"version":"3.14.1","resolution":"D:\\WebDev\\TutorialProjects\\React\\AmazonClone\\amazon-clone\\functions\\node_modules\\firebase-functions\\lib\\index.js"} {"metadata":{"emulator":{"name":"functions"},"message":"[runtime-status] [7684] Resolved module firebase-functions {\"declared\":true,\"installed\":true,\"version\":\"3.14.1\",\"resolution\":\"D:\\\\WebDev\\\\TutorialProjects\\\\React\\\\AmazonClone\\\\amazon-clone\\\\functions\\\\node_modules\\\\firebase-functions\\\\lib\\\\index.js\"}"}}
[debug] [2021-07-22T15:14:02.033Z] [runtime-status] [7684] Outgoing network have been stubbed. [{"name":"http","status":"mocked"},{"name":"http","status":"mocked"},{"name":"https","status":"mocked"},{"name":"https","status":"mocked"},{"name":"net","status":"mocked"}] {"metadata":{"emulator":{"name":"functions"},"message":"[runtime-status] [7684] Outgoing network have been stubbed. [{\"name\":\"http\",\"status\":\"mocked\"},{\"name\":\"http\",\"status\":\"mocked\"},{\"name\":\"https\",\"status\":\"mocked\"},{\"name\":\"https\",\"status\":\"mocked\"},{\"name\":\"net\",\"status\":\"mocked\"}]"}}
[debug] [2021-07-22T15:14:02.033Z] [runtime-status] [7684] Resolved module firebase-functions {"declared":true,"installed":true,"version":"3.14.1","resolution":"D:\\WebDev\\TutorialProjects\\React\\AmazonClone\\amazon-clone\\functions\\node_modules\\firebase-functions\\lib\\index.js"} {"metadata":{"emulator":{"name":"functions"},"message":"[runtime-status] [7684] Resolved module firebase-functions {\"declared\":true,\"installed\":true,\"version\":\"3.14.1\",\"resolution\":\"D:\\\\WebDev\\\\TutorialProjects\\\\React\\\\AmazonClone\\\\amazon-clone\\\\functions\\\\node_modules\\\\firebase-functions\\\\lib\\\\index.js\"}"}}
[debug] [2021-07-22T15:14:02.089Z] [runtime-status] [7684] Checked functions.config() {"config":{}} {"metadata":{"emulator":{"name":"functions"},"message":"[runtime-status] [7684] Checked functions.config() {\"config\":{}}"}}
[debug] [2021-07-22T15:14:02.089Z] [runtime-status] [7684] firebase-functions has been stubbed. {"functionsResolution":{"declared":true,"installed":true,"version":"3.14.1","resolution":"D:\\WebDev\\TutorialProjects\\React\\AmazonClone\\amazon-clone\\functions\\node_modules\\firebase-functions\\lib\\index.js"}} {"metadata":{"emulator":{"name":"functions"},"message":"[runtime-status] [7684] firebase-functions has been stubbed. {\"functionsResolution\":{\"declared\":true,\"installed\":true,\"version\":\"3.14.1\",\"resolution\":\"D:\\\\WebDev\\\\TutorialProjects\\\\React\\\\AmazonClone\\\\amazon-clone\\\\functions\\\\node_modules\\\\firebase-functions\\\\lib\\\\index.js\"}}"}}
[debug] [2021-07-22T15:14:02.090Z] [runtime-status] [7684] Resolved module firebase-functions {"declared":true,"installed":true,"version":"3.14.1","resolution":"D:\\WebDev\\TutorialProjects\\React\\AmazonClone\\amazon-clone\\functions\\node_modules\\firebase-functions\\lib\\index.js"} {"metadata":{"emulator":{"name":"functions"},"message":"[runtime-status] [7684] Resolved module firebase-functions {\"declared\":true,\"installed\":true,\"version\":\"3.14.1\",\"resolution\":\"D:\\\\WebDev\\\\TutorialProjects\\\\React\\\\AmazonClone\\\\amazon-clone\\\\functions\\\\node_modules\\\\firebase-functions\\\\lib\\\\index.js\"}"}}
[debug] [2021-07-22T15:14:02.092Z] [runtime-status] [7684] Resolved module firebase-admin {"declared":true,"installed":true,"version":"9.10.0","resolution":"D:\\WebDev\\TutorialProjects\\React\\AmazonClone\\amazon-clone\\functions\\node_modules\\firebase-admin\\lib\\index.js"} {"metadata":{"emulator":{"name":"functions"},"message":"[runtime-status] [7684] Resolved module firebase-admin {\"declared\":true,\"installed\":true,\"version\":\"9.10.0\",\"resolution\":\"D:\\\\WebDev\\\\TutorialProjects\\\\React\\\\AmazonClone\\\\amazon-clone\\\\functions\\\\node_modules\\\\firebase-admin\\\\lib\\\\index.js\"}"}}
[debug] [2021-07-22T15:14:02.092Z] [runtime-status] [7684] Resolved module firebase-functions {"declared":true,"installed":true,"version":"3.14.1","resolution":"D:\\WebDev\\TutorialProjects\\React\\AmazonClone\\amazon-clone\\functions\\node_modules\\firebase-functions\\lib\\index.js"} {"metadata":{"emulator":{"name":"functions"},"message":"[runtime-status] [7684] Resolved module firebase-functions {\"declared\":true,\"installed\":true,\"version\":\"3.14.1\",\"resolution\":\"D:\\\\WebDev\\\\TutorialProjects\\\\React\\\\AmazonClone\\\\amazon-clone\\\\functions\\\\node_modules\\\\firebase-functions\\\\lib\\\\index.js\"}"}}
[debug] [2021-07-22T15:14:02.093Z] [runtime-status] [7684] firebase-admin has been stubbed. {"adminResolution":{"declared":true,"installed":true,"version":"9.10.0","resolution":"D:\\WebDev\\TutorialProjects\\React\\AmazonClone\\amazon-clone\\functions\\node_modules\\firebase-admin\\lib\\index.js"}} {"metadata":{"emulator":{"name":"functions"},"message":"[runtime-status] [7684] firebase-admin has been stubbed. {\"adminResolution\":{\"declared\":true,\"installed\":true,\"version\":\"9.10.0\",\"resolution\":\"D:\\\\WebDev\\\\TutorialProjects\\\\React\\\\AmazonClone\\\\amazon-clone\\\\functions\\\\node_modules\\\\firebase-admin\\\\lib\\\\index.js\"}}"}}
[info] +  functions[us-central1-api]: http function initialized (http://localhost:5001/clone-baadf/us-central1/api). {"metadata":{"emulator":{"name":"functions"},"message":"\u001b[1mhttp\u001b[22m function initialized (http://localhost:5001/clone-baadf/us-central1/api)."}}
[info] 
┌─────────────────────────────────────────────────────────────┐
│ ✔  All emulators ready! It is now safe to connect your app. │
│ i  View Emulator UI at http://localhost:4001                │
└─────────────────────────────────────────────────────────────┘

┌───────────┬────────────────┬─────────────────────────────────┐
│ Emulator  │ Host:Port      │ View in Emulator UI             │
├───────────┼────────────────┼─────────────────────────────────┤
│ Functions │ localhost:5001 │ http://localhost:4001/functions │
├───────────┼────────────────┼─────────────────────────────────┤
│ Hosting   │ localhost:5000 │ n/a                             │
└───────────┴────────────────┴─────────────────────────────────┘
  Emulator Hub running at localhost:4400
  Other reserved ports: 4500

Issues? Report them at https://github.com/firebase/firebase-tools/issues and attach the *-debug.log files.
 
[debug] [2021-07-22T15:14:02.287Z] [worker-~diagnostic~-339289e4-181d-4bee-a5f6-0ce5500c1e70]: IDLE {"metadata":{"emulator":{"name":"functions"},"message":"[worker-~diagnostic~-339289e4-181d-4bee-a5f6-0ce5500c1e70]: IDLE"}}
[debug] [2021-07-22T15:14:07.688Z] [work-queue] {"queueLength":1,"workRunningCount":0}
[debug] [2021-07-22T15:14:07.689Z] [work-queue] {"queueLength":0,"workRunningCount":1}
[debug] [2021-07-22T15:14:07.689Z] Accepted request GET /clone-baadf/us-central1/api --> us-central1-api
[debug] [2021-07-22T15:14:07.695Z] [worker-pool] addWorker(us-central1-api) {"metadata":{"emulator":{"name":"functions"},"message":"[worker-pool] addWorker(us-central1-api)"}}
[debug] [2021-07-22T15:14:07.696Z] [worker-pool] Adding worker with key us-central1-api, total=1 {"metadata":{"emulator":{"name":"functions"},"message":"[worker-pool] Adding worker with key us-central1-api, total=1"}}
[debug] [2021-07-22T15:14:07.696Z] [worker-pool] submitWork(triggerId=us-central1-api) {"metadata":{"emulator":{"name":"functions"},"message":"[worker-pool] submitWork(triggerId=us-central1-api)"}}
[debug] [2021-07-22T15:14:07.696Z] [worker-us-central1-api-6da8a6ff-9945-43d4-8b3c-8873b789cfdb]: Assigning socketPath: \\?\pipe\D:\WebDev\TutorialProjects\React\AmazonClone\amazon-clone\functions\7408 {"metadata":{"emulator":{"name":"functions"},"message":"[worker-us-central1-api-6da8a6ff-9945-43d4-8b3c-8873b789cfdb]: Assigning socketPath: \\\\?\\pipe\\D:\\WebDev\\TutorialProjects\\React\\AmazonClone\\amazon-clone\\functions\\7408"}}
[debug] [2021-07-22T15:14:07.696Z] [worker-us-central1-api-6da8a6ff-9945-43d4-8b3c-8873b789cfdb]: BUSY {"metadata":{"emulator":{"name":"functions"},"message":"[worker-us-central1-api-6da8a6ff-9945-43d4-8b3c-8873b789cfdb]: BUSY"}}
[debug] [2021-07-22T15:14:07.951Z] [runtime-status] [7408] Functions runtime initialized. {"cwd":"D:\\WebDev\\TutorialProjects\\React\\AmazonClone\\amazon-clone\\functions","node_version":"14.16.1"} {"metadata":{"emulator":{"name":"functions"},"function":{"name":"us-central1-api"},"message":"[runtime-status] [7408] Functions runtime initialized. {\"cwd\":\"D:\\\\WebDev\\\\TutorialProjects\\\\React\\\\AmazonClone\\\\amazon-clone\\\\functions\",\"node_version\":\"14.16.1\"}"}}
[debug] [2021-07-22T15:14:07.953Z] [runtime-status] [7408] Disabled runtime features: undefined {"metadata":{"emulator":{"name":"functions"},"function":{"name":"us-central1-api"},"message":"[runtime-status] [7408] Disabled runtime features: undefined"}}
[debug] [2021-07-22T15:14:07.957Z] [runtime-status] [7408] Resolved module firebase-admin {"declared":true,"installed":true,"version":"9.10.0","resolution":"D:\\WebDev\\TutorialProjects\\React\\AmazonClone\\amazon-clone\\functions\\node_modules\\firebase-admin\\lib\\index.js"} {"metadata":{"emulator":{"name":"functions"},"function":{"name":"us-central1-api"},"message":"[runtime-status] [7408] Resolved module firebase-admin {\"declared\":true,\"installed\":true,\"version\":\"9.10.0\",\"resolution\":\"D:\\\\WebDev\\\\TutorialProjects\\\\React\\\\AmazonClone\\\\amazon-clone\\\\functions\\\\node_modules\\\\firebase-admin\\\\lib\\\\index.js\"}"}}
[debug] [2021-07-22T15:14:07.960Z] [runtime-status] [7408] Resolved module firebase-functions {"declared":true,"installed":true,"version":"3.14.1","resolution":"D:\\WebDev\\TutorialProjects\\React\\AmazonClone\\amazon-clone\\functions\\node_modules\\firebase-functions\\lib\\index.js"} {"metadata":{"emulator":{"name":"functions"},"function":{"name":"us-central1-api"},"message":"[runtime-status] [7408] Resolved module firebase-functions {\"declared\":true,\"installed\":true,\"version\":\"3.14.1\",\"resolution\":\"D:\\\\WebDev\\\\TutorialProjects\\\\React\\\\AmazonClone\\\\amazon-clone\\\\functions\\\\node_modules\\\\firebase-functions\\\\lib\\\\index.js\"}"}}
[debug] [2021-07-22T15:14:07.963Z] [runtime-status] [7408] Resolved module firebase-functions {"declared":true,"installed":true,"version":"3.14.1","resolution":"D:\\WebDev\\TutorialProjects\\React\\AmazonClone\\amazon-clone\\functions\\node_modules\\firebase-functions\\lib\\index.js"} {"metadata":{"emulator":{"name":"functions"},"function":{"name":"us-central1-api"},"message":"[runtime-status] [7408] Resolved module firebase-functions {\"declared\":true,\"installed\":true,\"version\":\"3.14.1\",\"resolution\":\"D:\\\\WebDev\\\\TutorialProjects\\\\React\\\\AmazonClone\\\\amazon-clone\\\\functions\\\\node_modules\\\\firebase-functions\\\\lib\\\\index.js\"}"}}
[debug] [2021-07-22T15:14:07.965Z] [runtime-status] [7408] Outgoing network have been stubbed. [{"name":"http","status":"mocked"},{"name":"http","status":"mocked"},{"name":"https","status":"mocked"},{"name":"https","status":"mocked"},{"name":"net","status":"mocked"}] {"metadata":{"emulator":{"name":"functions"},"function":{"name":"us-central1-api"},"message":"[runtime-status] [7408] Outgoing network have been stubbed. [{\"name\":\"http\",\"status\":\"mocked\"},{\"name\":\"http\",\"status\":\"mocked\"},{\"name\":\"https\",\"status\":\"mocked\"},{\"name\":\"https\",\"status\":\"mocked\"},{\"name\":\"net\",\"status\":\"mocked\"}]"}}
[debug] [2021-07-22T15:14:07.966Z] [runtime-status] [7408] Resolved module firebase-functions {"declared":true,"installed":true,"version":"3.14.1","resolution":"D:\\WebDev\\TutorialProjects\\React\\AmazonClone\\amazon-clone\\functions\\node_modules\\firebase-functions\\lib\\index.js"} {"metadata":{"emulator":{"name":"functions"},"function":{"name":"us-central1-api"},"message":"[runtime-status] [7408] Resolved module firebase-functions {\"declared\":true,\"installed\":true,\"version\":\"3.14.1\",\"resolution\":\"D:\\\\WebDev\\\\TutorialProjects\\\\React\\\\AmazonClone\\\\amazon-clone\\\\functions\\\\node_modules\\\\firebase-functions\\\\lib\\\\index.js\"}"}}
[debug] [2021-07-22T15:14:08.027Z] [runtime-status] [7408] Checked functions.config() {"config":{}} {"metadata":{"emulator":{"name":"functions"},"function":{"name":"us-central1-api"},"message":"[runtime-status] [7408] Checked functions.config() {\"config\":{}}"}}
[debug] [2021-07-22T15:14:08.027Z] [runtime-status] [7408] firebase-functions has been stubbed. {"functionsResolution":{"declared":true,"installed":true,"version":"3.14.1","resolution":"D:\\WebDev\\TutorialProjects\\React\\AmazonClone\\amazon-clone\\functions\\node_modules\\firebase-functions\\lib\\index.js"}} {"metadata":{"emulator":{"name":"functions"},"function":{"name":"us-central1-api"},"message":"[runtime-status] [7408] firebase-functions has been stubbed. {\"functionsResolution\":{\"declared\":true,\"installed\":true,\"version\":\"3.14.1\",\"resolution\":\"D:\\\\WebDev\\\\TutorialProjects\\\\React\\\\AmazonClone\\\\amazon-clone\\\\functions\\\\node_modules\\\\firebase-functions\\\\lib\\\\index.js\"}}"}}
[debug] [2021-07-22T15:14:08.028Z] [runtime-status] [7408] Resolved module firebase-functions {"declared":true,"installed":true,"version":"3.14.1","resolution":"D:\\WebDev\\TutorialProjects\\React\\AmazonClone\\amazon-clone\\functions\\node_modules\\firebase-functions\\lib\\index.js"} {"metadata":{"emulator":{"name":"functions"},"function":{"name":"us-central1-api"},"message":"[runtime-status] [7408] Resolved module firebase-functions {\"declared\":true,\"installed\":true,\"version\":\"3.14.1\",\"resolution\":\"D:\\\\WebDev\\\\TutorialProjects\\\\React\\\\AmazonClone\\\\amazon-clone\\\\functions\\\\node_modules\\\\firebase-functions\\\\lib\\\\index.js\"}"}}
[debug] [2021-07-22T15:14:08.030Z] [runtime-status] [7408] Resolved module firebase-admin {"declared":true,"installed":true,"version":"9.10.0","resolution":"D:\\WebDev\\TutorialProjects\\React\\AmazonClone\\amazon-clone\\functions\\node_modules\\firebase-admin\\lib\\index.js"} {"metadata":{"emulator":{"name":"functions"},"function":{"name":"us-central1-api"},"message":"[runtime-status] [7408] Resolved module firebase-admin {\"declared\":true,\"installed\":true,\"version\":\"9.10.0\",\"resolution\":\"D:\\\\WebDev\\\\TutorialProjects\\\\React\\\\AmazonClone\\\\amazon-clone\\\\functions\\\\node_modules\\\\firebase-admin\\\\lib\\\\index.js\"}"}}
[debug] [2021-07-22T15:14:08.030Z] [runtime-status] [7408] Resolved module firebase-functions {"declared":true,"installed":true,"version":"3.14.1","resolution":"D:\\WebDev\\TutorialProjects\\React\\AmazonClone\\amazon-clone\\functions\\node_modules\\firebase-functions\\lib\\index.js"} {"metadata":{"emulator":{"name":"functions"},"function":{"name":"us-central1-api"},"message":"[runtime-status] [7408] Resolved module firebase-functions {\"declared\":true,\"installed\":true,\"version\":\"3.14.1\",\"resolution\":\"D:\\\\WebDev\\\\TutorialProjects\\\\React\\\\AmazonClone\\\\amazon-clone\\\\functions\\\\node_modules\\\\firebase-functions\\\\lib\\\\index.js\"}"}}
[debug] [2021-07-22T15:14:08.030Z] [runtime-status] [7408] firebase-admin has been stubbed. {"adminResolution":{"declared":true,"installed":true,"version":"9.10.0","resolution":"D:\\WebDev\\TutorialProjects\\React\\AmazonClone\\amazon-clone\\functions\\node_modules\\firebase-admin\\lib\\index.js"}} {"metadata":{"emulator":{"name":"functions"},"function":{"name":"us-central1-api"},"message":"[runtime-status] [7408] firebase-admin has been stubbed. {\"adminResolution\":{\"declared\":true,\"installed\":true,\"version\":\"9.10.0\",\"resolution\":\"D:\\\\WebDev\\\\TutorialProjects\\\\React\\\\AmazonClone\\\\amazon-clone\\\\functions\\\\node_modules\\\\firebase-admin\\\\lib\\\\index.js\"}}"}}
[debug] [2021-07-22T15:14:08.246Z] [runtime-status] [7408] Trigger "us-central1-api" has been found, beginning invocation! {"metadata":{"emulator":{"name":"functions"},"function":{"name":"us-central1-api"},"message":"[runtime-status] [7408] Trigger \"us-central1-api\" has been found, beginning invocation!"}}
[info] i  functions: Beginning execution of "us-central1-api" {"metadata":{"emulator":{"name":"functions"},"function":{"name":"us-central1-api"},"message":"Beginning execution of \"us-central1-api\""}}
[debug] [2021-07-22T15:14:08.247Z] [runtime-status] [7408] triggerDefinition {"httpsTrigger":{},"name":"api","entryPoint":"api","regions":["us-central1"],"region":"us-central1","id":"us-central1-api"} {"metadata":{"emulator":{"name":"functions"},"function":{"name":"us-central1-api"},"message":"[runtime-status] [7408] triggerDefinition {\"httpsTrigger\":{},\"name\":\"api\",\"entryPoint\":\"api\",\"regions\":[\"us-central1\"],\"region\":\"us-central1\",\"id\":\"us-central1-api\"}"}}
[debug] [2021-07-22T15:14:08.248Z] [runtime-status] [7408] Running us-central1-api in mode HTTPS {"metadata":{"emulator":{"name":"functions"},"function":{"name":"us-central1-api"},"message":"[runtime-status] [7408] Running us-central1-api in mode HTTPS"}}
[debug] [2021-07-22T15:14:08.252Z] [runtime-status] [7408] Attempting to listen to socketPath: \\?\pipe\D:\WebDev\TutorialProjects\React\AmazonClone\amazon-clone\functions\7408 {"metadata":{"emulator":{"name":"functions"},"function":{"name":"us-central1-api"},"message":"[runtime-status] [7408] Attempting to listen to socketPath: \\\\?\\pipe\\D:\\WebDev\\TutorialProjects\\React\\AmazonClone\\amazon-clone\\functions\\7408"}}
[debug] [2021-07-22T15:14:08.256Z] [functions] Runtime ready! Sending request! {"metadata":{"emulator":{"name":"functions"},"message":"[functions] Runtime ready! Sending request!"}}
[debug] [2021-07-22T15:14:08.257Z] [functions] Got req.url=/clone-baadf/us-central1/api, mapping to path=/ {"metadata":{"emulator":{"name":"functions"},"message":"[functions] Got req.url=/clone-baadf/us-central1/api, mapping to path=/"}}
[debug] [2021-07-22T15:14:08.270Z] [runtime-status] [7408] Ephemeral server handling GET request {"metadata":{"emulator":{"name":"functions"},"function":{"name":"us-central1-api"},"message":"[runtime-status] [7408] Ephemeral server handling GET request"}}
[debug] [2021-07-22T15:14:08.280Z] [runtime-status] [7408] Ephemeral server survived. {"metadata":{"emulator":{"name":"functions"},"function":{"name":"us-central1-api"},"message":"[runtime-status] [7408] Ephemeral server survived."}}
[info] i  functions: Finished "us-central1-api" in ~1s {"metadata":{"emulator":{"name":"functions"},"function":{"name":"us-central1-api"},"message":"Finished \"us-central1-api\" in ~1s"}}
[debug] [2021-07-22T15:14:08.285Z] [worker-us-central1-api-6da8a6ff-9945-43d4-8b3c-8873b789cfdb]: IDLE {"metadata":{"emulator":{"name":"functions"},"message":"[worker-us-central1-api-6da8a6ff-9945-43d4-8b3c-8873b789cfdb]: IDLE"}}
[debug] [2021-07-22T15:14:08.285Z] [work-queue] {"queueLength":0,"workRunningCount":0}
[debug] [2021-07-22T15:15:37.171Z] [work-queue] {"queueLength":1,"workRunningCount":0}
[debug] [2021-07-22T15:15:37.171Z] [work-queue] {"queueLength":0,"workRunningCount":1}
[debug] [2021-07-22T15:15:37.171Z] Accepted request POST /clone-baadf/us-central1/api/payments/create?total=0 --> us-central1-api
[debug] [2021-07-22T15:15:37.171Z] [worker-pool] submitWork(triggerId=us-central1-api) {"metadata":{"emulator":{"name":"functions"},"message":"[worker-pool] submitWork(triggerId=us-central1-api)"}}
[debug] [2021-07-22T15:15:37.172Z] [worker-us-central1-api-6da8a6ff-9945-43d4-8b3c-8873b789cfdb]: Assigning socketPath: \\?\pipe\D:\WebDev\TutorialProjects\React\AmazonClone\amazon-clone\functions\7408 {"metadata":{"emulator":{"name":"functions"},"message":"[worker-us-central1-api-6da8a6ff-9945-43d4-8b3c-8873b789cfdb]: Assigning socketPath: \\\\?\\pipe\\D:\\WebDev\\TutorialProjects\\React\\AmazonClone\\amazon-clone\\functions\\7408"}}
[debug] [2021-07-22T15:15:37.172Z] [worker-us-central1-api-6da8a6ff-9945-43d4-8b3c-8873b789cfdb]: BUSY {"metadata":{"emulator":{"name":"functions"},"message":"[worker-us-central1-api-6da8a6ff-9945-43d4-8b3c-8873b789cfdb]: BUSY"}}
[debug] [2021-07-22T15:15:37.173Z] [runtime-status] [7408] Trigger "us-central1-api" has been found, beginning invocation! {"metadata":{"emulator":{"name":"functions"},"function":{"name":"us-central1-api"},"message":"[runtime-status] [7408] Trigger \"us-central1-api\" has been found, beginning invocation!"}}
[info] i  functions: Beginning execution of "us-central1-api" {"metadata":{"emulator":{"name":"functions"},"function":{"name":"us-central1-api"},"message":"Beginning execution of \"us-central1-api\""}}
[debug] [2021-07-22T15:15:37.174Z] [runtime-status] [7408] triggerDefinition {"httpsTrigger":{},"name":"api","entryPoint":"api","regions":["us-central1"],"region":"us-central1","id":"us-central1-api"} {"metadata":{"emulator":{"name":"functions"},"function":{"name":"us-central1-api"},"message":"[runtime-status] [7408] triggerDefinition {\"httpsTrigger\":{},\"name\":\"api\",\"entryPoint\":\"api\",\"regions\":[\"us-central1\"],\"region\":\"us-central1\",\"id\":\"us-central1-api\"}"}}
[debug] [2021-07-22T15:15:37.174Z] [runtime-status] [7408] Running us-central1-api in mode HTTPS {"metadata":{"emulator":{"name":"functions"},"function":{"name":"us-central1-api"},"message":"[runtime-status] [7408] Running us-central1-api in mode HTTPS"}}
[debug] [2021-07-22T15:15:37.175Z] [runtime-status] [7408] Attempting to listen to socketPath: \\?\pipe\D:\WebDev\TutorialProjects\React\AmazonClone\amazon-clone\functions\7408 {"metadata":{"emulator":{"name":"functions"},"function":{"name":"us-central1-api"},"message":"[runtime-status] [7408] Attempting to listen to socketPath: \\\\?\\pipe\\D:\\WebDev\\TutorialProjects\\React\\AmazonClone\\amazon-clone\\functions\\7408"}}
[debug] [2021-07-22T15:15:37.176Z] [functions] Runtime ready! Sending request! {"metadata":{"emulator":{"name":"functions"},"message":"[functions] Runtime ready! Sending request!"}}
[debug] [2021-07-22T15:15:37.178Z] [functions] Got req.url=/clone-baadf/us-central1/api/payments/create?total=0, mapping to path=/payments/create?total=0 {"metadata":{"emulator":{"name":"functions"},"message":"[functions] Got req.url=/clone-baadf/us-central1/api/payments/create?total=0, mapping to path=/payments/create?total=0"}}
[debug] [2021-07-22T15:15:37.182Z] [runtime-status] [7408] Ephemeral server handling POST request {"metadata":{"emulator":{"name":"functions"},"function":{"name":"us-central1-api"},"message":"[runtime-status] [7408] Ephemeral server handling POST request"}}
[info] >  Payment Request Revieved for this amount -> 0 {"user":"Payment Request Revieved for this amount -> 0","metadata":{"emulator":{"name":"functions"},"function":{"name":"us-central1-api"},"message":"\u001b[90m> \u001b[39m Payment Request Revieved for this amount -> 0"}}
[debug] [2021-07-22T15:15:37.198Z] [runtime-status] [7408] Ephemeral server survived. {"metadata":{"emulator":{"name":"functions"},"function":{"name":"us-central1-api"},"message":"[runtime-status] [7408] Ephemeral server survived."}}
[info] >  (node:7408) UnhandledPromiseRejectionWarning: Error: This value must be greater than or equal to 1. {"user":"(node:7408) UnhandledPromiseRejectionWarning: Error: This value must be greater than or equal to 1.","metadata":{"emulator":{"name":"functions"},"function":{"name":"us-central1-api"},"message":"\u001b[90m> \u001b[39m (node:7408) UnhandledPromiseRejectionWarning: Error: This value must be greater than or equal to 1."}}
[info] >      at Function.generate (D:\WebDev\TutorialProjects\React\AmazonClone\amazon-clone\functions\node_modules\stripe\lib\Error.js:40:16) {"user":"    at Function.generate (D:\\WebDev\\TutorialProjects\\React\\AmazonClone\\amazon-clone\\functions\\node_modules\\stripe\\lib\\Error.js:40:16)","metadata":{"emulator":{"name":"functions"},"function":{"name":"us-central1-api"},"message":"\u001b[90m> \u001b[39m     at Function.generate (D:\\WebDev\\TutorialProjects\\React\\AmazonClone\\amazon-clone\\functions\\node_modules\\stripe\\lib\\Error.js:40:16)"}}
[info] >      at IncomingMessage.<anonymous> (D:\WebDev\TutorialProjects\React\AmazonClone\amazon-clone\functions\node_modules\stripe\lib\StripeResource.js:203:33) {"user":"    at IncomingMessage.<anonymous> (D:\\WebDev\\TutorialProjects\\React\\AmazonClone\\amazon-clone\\functions\\node_modules\\stripe\\lib\\StripeResource.js:203:33)","metadata":{"emulator":{"name":"functions"},"function":{"name":"us-central1-api"},"message":"\u001b[90m> \u001b[39m     at IncomingMessage.<anonymous> (D:\\WebDev\\TutorialProjects\\React\\AmazonClone\\amazon-clone\\functions\\node_modules\\stripe\\lib\\StripeResource.js:203:33)"}}
[info] >      at Object.onceWrapper (events.js:421:28) {"user":"    at Object.onceWrapper (events.js:421:28)","metadata":{"emulator":{"name":"functions"},"function":{"name":"us-central1-api"},"message":"\u001b[90m> \u001b[39m     at Object.onceWrapper (events.js:421:28)"}}
[info] >      at IncomingMessage.emit (events.js:327:22) {"user":"    at IncomingMessage.emit (events.js:327:22)","metadata":{"emulator":{"name":"functions"},"function":{"name":"us-central1-api"},"message":"\u001b[90m> \u001b[39m     at IncomingMessage.emit (events.js:327:22)"}}
[info] >      at endReadableNT (internal/streams/readable.js:1327:12) {"user":"    at endReadableNT (internal/streams/readable.js:1327:12)","metadata":{"emulator":{"name":"functions"},"function":{"name":"us-central1-api"},"message":"\u001b[90m> \u001b[39m     at endReadableNT (internal/streams/readable.js:1327:12)"}}
[info] >      at processTicksAndRejections (internal/process/task_queues.js:80:21) {"user":"    at processTicksAndRejections (internal/process/task_queues.js:80:21)","metadata":{"emulator":{"name":"functions"},"function":{"name":"us-central1-api"},"message":"\u001b[90m> \u001b[39m     at processTicksAndRejections (internal/process/task_queues.js:80:21)"}}
[info] >  (Use `node --trace-warnings ...` to show where the warning was created) {"user":"(Use `node --trace-warnings ...` to show where the warning was created)","metadata":{"emulator":{"name":"functions"},"function":{"name":"us-central1-api"},"message":"\u001b[90m> \u001b[39m (Use `node --trace-warnings ...` to show where the warning was created)"}}
[info] >  (node:7408) UnhandledPromiseRejectionWarning: Unhandled promise rejection. This error originated either by throwing inside of an async function without a catch block, or by rejecting a promise which was not handled with .catch(). To terminate the node process on unhandled promise rejection, use the CLI flag `--unhandled-rejections=strict` (see https://nodejs.org/api/cli.html#cli_unhandled_rejections_mode). (rejection id: 1) {"user":"(node:7408) UnhandledPromiseRejectionWarning: Unhandled promise rejection. This error originated either by throwing inside of an async function without a catch block, or by rejecting a promise which was not handled with .catch(). To terminate the node process on unhandled promise rejection, use the CLI flag `--unhandled-rejections=strict` (see https://nodejs.org/api/cli.html#cli_unhandled_rejections_mode). (rejection id: 1)","metadata":{"emulator":{"name":"functions"},"function":{"name":"us-central1-api"},"message":"\u001b[90m> \u001b[39m (node:7408) UnhandledPromiseRejectionWarning: Unhandled promise rejection. This error originated either by throwing inside of an async function without a catch block, or by rejecting a promise which was not handled with .catch(). To terminate the node process on unhandled promise rejection, use the CLI flag `--unhandled-rejections=strict` (see https://nodejs.org/api/cli.html#cli_unhandled_rejections_mode). (rejection id: 1)"}}
[info] >  (node:7408) [DEP0018] DeprecationWarning: Unhandled promise rejections are deprecated. In the future, promise rejections that are not handled will terminate the Node.js process with a non-zero exit code. {"user":"(node:7408) [DEP0018] DeprecationWarning: Unhandled promise rejections are deprecated. In the future, promise rejections that are not handled will terminate the Node.js process with a non-zero exit code.","metadata":{"emulator":{"name":"functions"},"function":{"name":"us-central1-api"},"message":"\u001b[90m> \u001b[39m (node:7408) [DEP0018] DeprecationWarning: Unhandled promise rejections are deprecated. In the future, promise rejections that are not handled will terminate the Node.js process with a non-zero exit code."}}
[debug] [2021-07-22T15:15:50.657Z] [work-queue] {"queueLength":1,"workRunningCount":1}
[debug] [2021-07-22T15:15:50.658Z] [work-queue] {"queueLength":0,"workRunningCount":2}
[debug] [2021-07-22T15:15:50.658Z] Accepted request POST /clone-baadf/us-central1/api/payments/create?total=437992 --> us-central1-api
[debug] [2021-07-22T15:15:50.668Z] [worker-pool] addWorker(us-central1-api) {"metadata":{"emulator":{"name":"functions"},"message":"[worker-pool] addWorker(us-central1-api)"}}
[debug] [2021-07-22T15:15:50.668Z] [worker-pool] Adding worker with key us-central1-api, total=2 {"metadata":{"emulator":{"name":"functions"},"message":"[worker-pool] Adding worker with key us-central1-api, total=2"}}
[debug] [2021-07-22T15:15:50.669Z] [worker-pool] submitWork(triggerId=us-central1-api) {"metadata":{"emulator":{"name":"functions"},"message":"[worker-pool] submitWork(triggerId=us-central1-api)"}}
[debug] [2021-07-22T15:15:50.669Z] [worker-us-central1-api-9a0d7fbf-c508-45d8-8431-f281f2d40231]: Assigning socketPath: \\?\pipe\D:\WebDev\TutorialProjects\React\AmazonClone\amazon-clone\functions\4368 {"metadata":{"emulator":{"name":"functions"},"message":"[worker-us-central1-api-9a0d7fbf-c508-45d8-8431-f281f2d40231]: Assigning socketPath: \\\\?\\pipe\\D:\\WebDev\\TutorialProjects\\React\\AmazonClone\\amazon-clone\\functions\\4368"}}
[debug] [2021-07-22T15:15:50.669Z] [worker-us-central1-api-9a0d7fbf-c508-45d8-8431-f281f2d40231]: BUSY {"metadata":{"emulator":{"name":"functions"},"message":"[worker-us-central1-api-9a0d7fbf-c508-45d8-8431-f281f2d40231]: BUSY"}}
[debug] [2021-07-22T15:15:50.898Z] [runtime-status] [4368] Functions runtime initialized. {"cwd":"D:\\WebDev\\TutorialProjects\\React\\AmazonClone\\amazon-clone\\functions","node_version":"14.16.1"} {"metadata":{"emulator":{"name":"functions"},"function":{"name":"us-central1-api"},"message":"[runtime-status] [4368] Functions runtime initialized. {\"cwd\":\"D:\\\\WebDev\\\\TutorialProjects\\\\React\\\\AmazonClone\\\\amazon-clone\\\\functions\",\"node_version\":\"14.16.1\"}"}}
[debug] [2021-07-22T15:15:50.899Z] [runtime-status] [4368] Disabled runtime features: undefined {"metadata":{"emulator":{"name":"functions"},"function":{"name":"us-central1-api"},"message":"[runtime-status] [4368] Disabled runtime features: undefined"}}
[debug] [2021-07-22T15:15:50.903Z] [runtime-status] [4368] Resolved module firebase-admin {"declared":true,"installed":true,"version":"9.10.0","resolution":"D:\\WebDev\\TutorialProjects\\React\\AmazonClone\\amazon-clone\\functions\\node_modules\\firebase-admin\\lib\\index.js"} {"metadata":{"emulator":{"name":"functions"},"function":{"name":"us-central1-api"},"message":"[runtime-status] [4368] Resolved module firebase-admin {\"declared\":true,\"installed\":true,\"version\":\"9.10.0\",\"resolution\":\"D:\\\\WebDev\\\\TutorialProjects\\\\React\\\\AmazonClone\\\\amazon-clone\\\\functions\\\\node_modules\\\\firebase-admin\\\\lib\\\\index.js\"}"}}
[debug] [2021-07-22T15:15:50.905Z] [runtime-status] [4368] Resolved module firebase-functions {"declared":true,"installed":true,"version":"3.14.1","resolution":"D:\\WebDev\\TutorialProjects\\React\\AmazonClone\\amazon-clone\\functions\\node_modules\\firebase-functions\\lib\\index.js"} {"metadata":{"emulator":{"name":"functions"},"function":{"name":"us-central1-api"},"message":"[runtime-status] [4368] Resolved module firebase-functions {\"declared\":true,\"installed\":true,\"version\":\"3.14.1\",\"resolution\":\"D:\\\\WebDev\\\\TutorialProjects\\\\React\\\\AmazonClone\\\\amazon-clone\\\\functions\\\\node_modules\\\\firebase-functions\\\\lib\\\\index.js\"}"}}
[debug] [2021-07-22T15:15:50.907Z] [runtime-status] [4368] Resolved module firebase-functions {"declared":true,"installed":true,"version":"3.14.1","resolution":"D:\\WebDev\\TutorialProjects\\React\\AmazonClone\\amazon-clone\\functions\\node_modules\\firebase-functions\\lib\\index.js"} {"metadata":{"emulator":{"name":"functions"},"function":{"name":"us-central1-api"},"message":"[runtime-status] [4368] Resolved module firebase-functions {\"declared\":true,\"installed\":true,\"version\":\"3.14.1\",\"resolution\":\"D:\\\\WebDev\\\\TutorialProjects\\\\React\\\\AmazonClone\\\\amazon-clone\\\\functions\\\\node_modules\\\\firebase-functions\\\\lib\\\\index.js\"}"}}
[debug] [2021-07-22T15:15:50.910Z] [runtime-status] [4368] Outgoing network have been stubbed. [{"name":"http","status":"mocked"},{"name":"http","status":"mocked"},{"name":"https","status":"mocked"},{"name":"https","status":"mocked"},{"name":"net","status":"mocked"}] {"metadata":{"emulator":{"name":"functions"},"function":{"name":"us-central1-api"},"message":"[runtime-status] [4368] Outgoing network have been stubbed. [{\"name\":\"http\",\"status\":\"mocked\"},{\"name\":\"http\",\"status\":\"mocked\"},{\"name\":\"https\",\"status\":\"mocked\"},{\"name\":\"https\",\"status\":\"mocked\"},{\"name\":\"net\",\"status\":\"mocked\"}]"}}
[debug] [2021-07-22T15:15:50.910Z] [runtime-status] [4368] Resolved module firebase-functions {"declared":true,"installed":true,"version":"3.14.1","resolution":"D:\\WebDev\\TutorialProjects\\React\\AmazonClone\\amazon-clone\\functions\\node_modules\\firebase-functions\\lib\\index.js"} {"metadata":{"emulator":{"name":"functions"},"function":{"name":"us-central1-api"},"message":"[runtime-status] [4368] Resolved module firebase-functions {\"declared\":true,\"installed\":true,\"version\":\"3.14.1\",\"resolution\":\"D:\\\\WebDev\\\\TutorialProjects\\\\React\\\\AmazonClone\\\\amazon-clone\\\\functions\\\\node_modules\\\\firebase-functions\\\\lib\\\\index.js\"}"}}
[debug] [2021-07-22T15:15:50.967Z] [runtime-status] [4368] Checked functions.config() {"config":{}} {"metadata":{"emulator":{"name":"functions"},"function":{"name":"us-central1-api"},"message":"[runtime-status] [4368] Checked functions.config() {\"config\":{}}"}}
[debug] [2021-07-22T15:15:50.968Z] [runtime-status] [4368] firebase-functions has been stubbed. {"functionsResolution":{"declared":true,"installed":true,"version":"3.14.1","resolution":"D:\\WebDev\\TutorialProjects\\React\\AmazonClone\\amazon-clone\\functions\\node_modules\\firebase-functions\\lib\\index.js"}} {"metadata":{"emulator":{"name":"functions"},"function":{"name":"us-central1-api"},"message":"[runtime-status] [4368] firebase-functions has been stubbed. {\"functionsResolution\":{\"declared\":true,\"installed\":true,\"version\":\"3.14.1\",\"resolution\":\"D:\\\\WebDev\\\\TutorialProjects\\\\React\\\\AmazonClone\\\\amazon-clone\\\\functions\\\\node_modules\\\\firebase-functions\\\\lib\\\\index.js\"}}"}}
[debug] [2021-07-22T15:15:50.968Z] [runtime-status] [4368] Resolved module firebase-functions {"declared":true,"installed":true,"version":"3.14.1","resolution":"D:\\WebDev\\TutorialProjects\\React\\AmazonClone\\amazon-clone\\functions\\node_modules\\firebase-functions\\lib\\index.js"} {"metadata":{"emulator":{"name":"functions"},"function":{"name":"us-central1-api"},"message":"[runtime-status] [4368] Resolved module firebase-functions {\"declared\":true,\"installed\":true,\"version\":\"3.14.1\",\"resolution\":\"D:\\\\WebDev\\\\TutorialProjects\\\\React\\\\AmazonClone\\\\amazon-clone\\\\functions\\\\node_modules\\\\firebase-functions\\\\lib\\\\index.js\"}"}}
[debug] [2021-07-22T15:15:50.970Z] [runtime-status] [4368] Resolved module firebase-admin {"declared":true,"installed":true,"version":"9.10.0","resolution":"D:\\WebDev\\TutorialProjects\\React\\AmazonClone\\amazon-clone\\functions\\node_modules\\firebase-admin\\lib\\index.js"} {"metadata":{"emulator":{"name":"functions"},"function":{"name":"us-central1-api"},"message":"[runtime-status] [4368] Resolved module firebase-admin {\"declared\":true,\"installed\":true,\"version\":\"9.10.0\",\"resolution\":\"D:\\\\WebDev\\\\TutorialProjects\\\\React\\\\AmazonClone\\\\amazon-clone\\\\functions\\\\node_modules\\\\firebase-admin\\\\lib\\\\index.js\"}"}}
[debug] [2021-07-22T15:15:50.970Z] [runtime-status] [4368] Resolved module firebase-functions {"declared":true,"installed":true,"version":"3.14.1","resolution":"D:\\WebDev\\TutorialProjects\\React\\AmazonClone\\amazon-clone\\functions\\node_modules\\firebase-functions\\lib\\index.js"} {"metadata":{"emulator":{"name":"functions"},"function":{"name":"us-central1-api"},"message":"[runtime-status] [4368] Resolved module firebase-functions {\"declared\":true,\"installed\":true,\"version\":\"3.14.1\",\"resolution\":\"D:\\\\WebDev\\\\TutorialProjects\\\\React\\\\AmazonClone\\\\amazon-clone\\\\functions\\\\node_modules\\\\firebase-functions\\\\lib\\\\index.js\"}"}}
[debug] [2021-07-22T15:15:50.971Z] [runtime-status] [4368] firebase-admin has been stubbed. {"adminResolution":{"declared":true,"installed":true,"version":"9.10.0","resolution":"D:\\WebDev\\TutorialProjects\\React\\AmazonClone\\amazon-clone\\functions\\node_modules\\firebase-admin\\lib\\index.js"}} {"metadata":{"emulator":{"name":"functions"},"function":{"name":"us-central1-api"},"message":"[runtime-status] [4368] firebase-admin has been stubbed. {\"adminResolution\":{\"declared\":true,\"installed\":true,\"version\":\"9.10.0\",\"resolution\":\"D:\\\\WebDev\\\\TutorialProjects\\\\React\\\\AmazonClone\\\\amazon-clone\\\\functions\\\\node_modules\\\\firebase-admin\\\\lib\\\\index.js\"}}"}}
[debug] [2021-07-22T15:15:51.170Z] [runtime-status] [4368] Trigger "us-central1-api" has been found, beginning invocation! {"metadata":{"emulator":{"name":"functions"},"function":{"name":"us-central1-api"},"message":"[runtime-status] [4368] Trigger \"us-central1-api\" has been found, beginning invocation!"}}
[info] i  functions: Beginning execution of "us-central1-api" {"metadata":{"emulator":{"name":"functions"},"function":{"name":"us-central1-api"},"message":"Beginning execution of \"us-central1-api\""}}
[debug] [2021-07-22T15:15:51.173Z] [runtime-status] [4368] triggerDefinition {"httpsTrigger":{},"name":"api","entryPoint":"api","regions":["us-central1"],"region":"us-central1","id":"us-central1-api"} {"metadata":{"emulator":{"name":"functions"},"function":{"name":"us-central1-api"},"message":"[runtime-status] [4368] triggerDefinition {\"httpsTrigger\":{},\"name\":\"api\",\"entryPoint\":\"api\",\"regions\":[\"us-central1\"],\"region\":\"us-central1\",\"id\":\"us-central1-api\"}"}}
[debug] [2021-07-22T15:15:51.174Z] [runtime-status] [4368] Running us-central1-api in mode HTTPS {"metadata":{"emulator":{"name":"functions"},"function":{"name":"us-central1-api"},"message":"[runtime-status] [4368] Running us-central1-api in mode HTTPS"}}
[debug] [2021-07-22T15:15:51.176Z] [runtime-status] [4368] Attempting to listen to socketPath: \\?\pipe\D:\WebDev\TutorialProjects\React\AmazonClone\amazon-clone\functions\4368 {"metadata":{"emulator":{"name":"functions"},"function":{"name":"us-central1-api"},"message":"[runtime-status] [4368] Attempting to listen to socketPath: \\\\?\\pipe\\D:\\WebDev\\TutorialProjects\\React\\AmazonClone\\amazon-clone\\functions\\4368"}}
[debug] [2021-07-22T15:15:51.180Z] [functions] Runtime ready! Sending request! {"metadata":{"emulator":{"name":"functions"},"message":"[functions] Runtime ready! Sending request!"}}
[debug] [2021-07-22T15:15:51.180Z] [functions] Got req.url=/clone-baadf/us-central1/api/payments/create?total=437992, mapping to path=/payments/create?total=437992 {"metadata":{"emulator":{"name":"functions"},"message":"[functions] Got req.url=/clone-baadf/us-central1/api/payments/create?total=437992, mapping to path=/payments/create?total=437992"}}
[debug] [2021-07-22T15:15:51.192Z] [runtime-status] [4368] Ephemeral server handling POST request {"metadata":{"emulator":{"name":"functions"},"function":{"name":"us-central1-api"},"message":"[runtime-status] [4368] Ephemeral server handling POST request"}}
[info] >  Payment Request Revieved for this amount -> 437992 {"user":"Payment Request Revieved for this amount -> 437992","metadata":{"emulator":{"name":"functions"},"function":{"name":"us-central1-api"},"message":"\u001b[90m> \u001b[39m Payment Request Revieved for this amount -> 437992"}}
[debug] [2021-07-22T15:15:51.219Z] [runtime-status] [4368] Ephemeral server survived. {"metadata":{"emulator":{"name":"functions"},"function":{"name":"us-central1-api"},"message":"[runtime-status] [4368] Ephemeral server survived."}}
[info] i  functions: Finished "us-central1-api" in ~1s {"metadata":{"emulator":{"name":"functions"},"function":{"name":"us-central1-api"},"message":"Finished \"us-central1-api\" in ~1s"}}
[debug] [2021-07-22T15:15:51.937Z] [worker-us-central1-api-9a0d7fbf-c508-45d8-8431-f281f2d40231]: IDLE {"metadata":{"emulator":{"name":"functions"},"message":"[worker-us-central1-api-9a0d7fbf-c508-45d8-8431-f281f2d40231]: IDLE"}}
[debug] [2021-07-22T15:15:51.938Z] [work-queue] {"queueLength":0,"workRunningCount":1}
[warn] !  functions: Your function timed out after ~60s. To configure this timeout, see
      https://firebase.google.com/docs/functions/manage-functions#set_timeout_and_memory_allocation. {"metadata":{"emulator":{"name":"functions"},"function":{"name":"us-central1-api"},"message":"Your function timed out after ~60s. To configure this timeout, see\n      https://firebase.google.com/docs/functions/manage-functions#set_timeout_and_memory_allocation."}}
[info] >  C:\Users\dexte\AppData\Roaming\npm\node_modules\firebase-tools\lib\emulator\functionsEmulatorRuntime.js:648 {"user":"C:\\Users\\dexte\\AppData\\Roaming\\npm\\node_modules\\firebase-tools\\lib\\emulator\\functionsEmulatorRuntime.js:648\r","metadata":{"emulator":{"name":"functions"},"function":{"name":"us-central1-api"},"message":"\u001b[90m> \u001b[39m C:\\Users\\dexte\\AppData\\Roaming\\npm\\node_modules\\firebase-tools\\lib\\emulator\\functionsEmulatorRuntime.js:648\r"}}
[info] >              throw new Error("Function timed out."); {"user":"            throw new Error(\"Function timed out.\");\r","metadata":{"emulator":{"name":"functions"},"function":{"name":"us-central1-api"},"message":"\u001b[90m> \u001b[39m             throw new Error(\"Function timed out.\");\r"}}
[info] >              ^ {"user":"            ^\r","metadata":{"emulator":{"name":"functions"},"function":{"name":"us-central1-api"},"message":"\u001b[90m> \u001b[39m             ^\r"}}
[info] >   {"user":"\r","metadata":{"emulator":{"name":"functions"},"function":{"name":"us-central1-api"},"message":"\u001b[90m> \u001b[39m \r"}}
[info] >  Error: Function timed out. {"user":"Error: Function timed out.\r","metadata":{"emulator":{"name":"functions"},"function":{"name":"us-central1-api"},"message":"\u001b[90m> \u001b[39m Error: Function timed out.\r"}}
[info] >      at Timeout._onTimeout (C:\Users\dexte\AppData\Roaming\npm\node_modules\firebase-tools\lib\emulator\functionsEmulatorRuntime.js:648:19) {"user":"    at Timeout._onTimeout (C:\\Users\\dexte\\AppData\\Roaming\\npm\\node_modules\\firebase-tools\\lib\\emulator\\functionsEmulatorRuntime.js:648:19)\r","metadata":{"emulator":{"name":"functions"},"function":{"name":"us-central1-api"},"message":"\u001b[90m> \u001b[39m     at Timeout._onTimeout (C:\\Users\\dexte\\AppData\\Roaming\\npm\\node_modules\\firebase-tools\\lib\\emulator\\functionsEmulatorRuntime.js:648:19)\r"}}
[info] >      at listOnTimeout (internal/timers.js:554:17) {"user":"    at listOnTimeout (internal/timers.js:554:17)\r","metadata":{"emulator":{"name":"functions"},"function":{"name":"us-central1-api"},"message":"\u001b[90m> \u001b[39m     at listOnTimeout (internal/timers.js:554:17)\r"}}
[info] >      at processTimers (internal/timers.js:497:7) {"user":"    at processTimers (internal/timers.js:497:7)\r","metadata":{"emulator":{"name":"functions"},"function":{"name":"us-central1-api"},"message":"\u001b[90m> \u001b[39m     at processTimers (internal/timers.js:497:7)\r"}}
[debug] [2021-07-22T15:16:37.207Z] [worker-us-central1-api-6da8a6ff-9945-43d4-8b3c-8873b789cfdb]: exited {"metadata":{"emulator":{"name":"functions"},"message":"[worker-us-central1-api-6da8a6ff-9945-43d4-8b3c-8873b789cfdb]: exited"}}
[debug] [2021-07-22T15:16:37.208Z] [worker-us-central1-api-6da8a6ff-9945-43d4-8b3c-8873b789cfdb]: FINISHED {"metadata":{"emulator":{"name":"functions"},"message":"[worker-us-central1-api-6da8a6ff-9945-43d4-8b3c-8873b789cfdb]: FINISHED"}}
[debug] [2021-07-22T15:16:37.208Z] [work-queue] {"queueLength":0,"workRunningCount":0}
[debug] [2021-07-22T17:14:20.123Z] Received signal SIGHUP 1
